This is pdfTeX, Version 3.141592653-2.6-1.40.22 (TeX Live 2021) (preloaded format=pdflatex 2022.2.26)  13 MAY 2022 01:27
entering extended mode
 \write18 enabled.
 file:line:error style messages enabled.
 %&-line parsing enabled.
**analysis2_draft.tex
(./analysis2_draft.tex
LaTeX2e <2020-10-01> patch level 4
L3 programming layer <2021-02-18> (/usr/local/texlive/2021/texmf-dist/tex/latex/base/article.cls
Document Class: article 2020/04/10 v1.4m Standard LaTeX document class
(/usr/local/texlive/2021/texmf-dist/tex/latex/base/size10.clo
File: size10.clo 2020/04/10 v1.4m Standard LaTeX file (size option)
)
\c@part=\count179
\c@section=\count180
\c@subsection=\count181
\c@subsubsection=\count182
\c@paragraph=\count183
\c@subparagraph=\count184
\c@figure=\count185
\c@table=\count186
\abovecaptionskip=\skip47
\belowcaptionskip=\skip48
\bibindent=\dimen138
) (/usr/local/texlive/2021/texmf-dist/tex/latex/base/inputenc.sty
Package: inputenc 2020/08/01 v1.3d Input encoding file
\inpenc@prehook=\toks15
\inpenc@posthook=\toks16
) (/usr/local/texlive/2021/texmf-dist/tex/latex/minted/minted.sty
Package: minted 2017/07/19 v2.5 Yet another Pygments shim for LaTeX
 (/usr/local/texlive/2021/texmf-dist/tex/latex/graphics/keyval.sty
Package: keyval 2014/10/28 v1.15 key=value parser (DPC)
\KV@toks@=\toks17
) (/usr/local/texlive/2021/texmf-dist/tex/latex/kvoptions/kvoptions.sty
Package: kvoptions 2020-10-07 v3.14 Key value format for package options (HO)
 (/usr/local/texlive/2021/texmf-dist/tex/generic/ltxcmds/ltxcmds.sty
Package: ltxcmds 2020-05-10 v1.25 LaTeX kernel commands for general use (HO)
) (/usr/local/texlive/2021/texmf-dist/tex/generic/kvsetkeys/kvsetkeys.sty
Package: kvsetkeys 2019/12/15 v1.18 Key value parser (HO)
)) (/usr/local/texlive/2021/texmf-dist/tex/latex/fvextra/fvextra.sty
Package: fvextra 2019/02/04 v1.4 fvextra - extensions and patches for fancyvrb
 (/usr/local/texlive/2021/texmf-dist/tex/latex/base/ifthen.sty
Package: ifthen 2014/09/29 v1.1c Standard LaTeX ifthen package (DPC)
) (/usr/local/texlive/2021/texmf-dist/tex/latex/etoolbox/etoolbox.sty
Package: etoolbox 2020/10/05 v2.5k e-TeX tools for LaTeX (JAW)
\etb@tempcnta=\count187
) (/usr/local/texlive/2021/texmf-dist/tex/latex/fancyvrb/fancyvrb.sty
Package: fancyvrb 2021/01/20 v3.7 verbatim text (tvz,hv)
\FV@CodeLineNo=\count188
\FV@InFile=\read2
\FV@TabBox=\box47
\c@FancyVerbLine=\count189
\FV@StepNumber=\count190
\FV@OutFile=\write3
) (/usr/local/texlive/2021/texmf-dist/tex/latex/upquote/upquote.sty
Package: upquote 2012/04/19 v1.3 upright-quote and grave-accent glyphs in verbatim
) (/usr/local/texlive/2021/texmf-dist/tex/latex/lineno/lineno.sty
Package: lineno 2005/11/02 line numbers on paragraphs v4.41
\linenopenalty=\count191
\output=\toks18
\linenoprevgraf=\count192
\linenumbersep=\dimen139
\linenumberwidth=\dimen140
\c@linenumber=\count193
\c@pagewiselinenumber=\count194
\c@LN@truepage=\count195
\c@internallinenumber=\count196
\c@internallinenumbers=\count197
\quotelinenumbersep=\dimen141
\bframerule=\dimen142
\bframesep=\dimen143
\bframebox=\box48
LaTeX Info: Redefining \\ on input line 3056.
)
\c@FV@TrueTabGroupLevel=\count198
\c@FV@TrueTabCounter=\count199
\FV@TabBox@Group=\box49
\FV@TmpLength=\skip49
\c@FV@HighlightLinesStart=\count266
\c@FV@HighlightLinesStop=\count267
\FV@LoopCount=\count268
\FV@NCharsBox=\box50
\FV@BreakIndent=\dimen144
\FV@BreakIndentNChars=\count269
\FV@BreakSymbolSepLeft=\dimen145
\FV@BreakSymbolSepLeftNChars=\count270
\FV@BreakSymbolSepRight=\dimen146
\FV@BreakSymbolSepRightNChars=\count271
\FV@BreakSymbolIndentLeft=\dimen147
\FV@BreakSymbolIndentLeftNChars=\count272
\FV@BreakSymbolIndentRight=\dimen148
\FV@BreakSymbolIndentRightNChars=\count273
\c@FancyVerbLineBreakLast=\count274
\FV@LineBox=\box51
\FV@LineIndentBox=\box52
\FV@LineWidth=\dimen149
) (/usr/local/texlive/2021/texmf-dist/tex/latex/tools/calc.sty
Package: calc 2017/05/25 v4.3 Infix arithmetic (KKT,FJ)
\calc@Acount=\count275
\calc@Bcount=\count276
\calc@Adimen=\dimen150
\calc@Bdimen=\dimen151
\calc@Askip=\skip50
\calc@Bskip=\skip51
LaTeX Info: Redefining \setlength on input line 80.
LaTeX Info: Redefining \addtolength on input line 81.
\calc@Ccount=\count277
\calc@Cskip=\skip52
) (/usr/local/texlive/2021/texmf-dist/tex/latex/tools/shellesc.sty
Package: shellesc 2019/11/08 v1.0c unified shell escape interface for LaTeX
Package shellesc Info: Unrestricted shell escape enabled on input line 75.
) (/usr/local/texlive/2021/texmf-dist/tex/latex/ifplatform/ifplatform.sty
Package: ifplatform 2017/10/13 v0.4a Testing for the operating system
 (/usr/local/texlive/2021/texmf-dist/tex/generic/pdftexcmds/pdftexcmds.sty
Package: pdftexcmds 2020-06-27 v0.33 Utility functions of pdfTeX for LuaTeX (HO)
 (/usr/local/texlive/2021/texmf-dist/tex/generic/infwarerr/infwarerr.sty
Package: infwarerr 2019/12/03 v1.5 Providing info/warning/error messages (HO)
) (/usr/local/texlive/2021/texmf-dist/tex/generic/iftex/iftex.sty
Package: iftex 2020/03/06 v1.0d TeX engine tests
)
Package pdftexcmds Info: \pdf@primitive is available.
Package pdftexcmds Info: \pdf@ifprimitive is available.
Package pdftexcmds Info: \pdfdraftmode found.
) (/usr/local/texlive/2021/texmf-dist/tex/generic/catchfile/catchfile.sty
Package: catchfile 2019/12/09 v1.8 Catch the contents of a file (HO)
 (/usr/local/texlive/2021/texmf-dist/tex/generic/etexcmds/etexcmds.sty
Package: etexcmds 2019/12/15 v1.7 Avoid name clashes with e-TeX commands (HO)
)) (/usr/local/texlive/2021/texmf-dist/tex/generic/iftex/ifluatex.sty
Package: ifluatex 2019/10/25 v1.5 ifluatex legacy package. Use iftex instead.
)
runsystem(uname -s > "analysis2_draft.w18")...executed.

 (./analysis2_draft.w18)
runsystem(rm -- "analysis2_draft.w18")...executed.

) (/usr/local/texlive/2021/texmf-dist/tex/generic/xstring/xstring.sty (/usr/local/texlive/2021/texmf-dist/tex/generic/xstring/xstring.tex
\integerpart=\count278
\decimalpart=\count279
)
Package: xstring 2019/02/06 v1.83 String manipulations (CT)
) (/usr/local/texlive/2021/texmf-dist/tex/latex/framed/framed.sty
Package: framed 2011/10/22 v 0.96: framed or shaded text with page breaks
\OuterFrameSep=\skip53
\fb@frw=\dimen152
\fb@frh=\dimen153
\FrameRule=\dimen154
\FrameSep=\dimen155
) (/usr/local/texlive/2021/texmf-dist/tex/latex/float/float.sty
Package: float 2001/11/08 v1.3d Float enhancements (AL)
\c@float@type=\count280
\float@exts=\toks19
\float@box=\box53
\@float@everytoks=\toks20
\@floatcapt=\box54
)
\minted@appexistsfile=\read3
\minted@bgbox=\box55
\minted@code=\write4
\c@minted@FancyVerbLineTemp=\count281
\c@minted@pygmentizecounter=\count282
\@float@every@listing=\toks21
\c@listing=\count283
)
runsystem(mkdir -p _minted-analysis2_draft)...executed.

 (/usr/local/texlive/2021/texmf-dist/tex/latex/listings/listings.sty
\lst@mode=\count284
\lst@gtempboxa=\box56
\lst@token=\toks22
\lst@length=\count285
\lst@currlwidth=\dimen156
\lst@column=\count286
\lst@pos=\count287
\lst@lostspace=\dimen157
\lst@width=\dimen158
\lst@newlines=\count288
\lst@lineno=\count289
\lst@maxwidth=\dimen159
 (/usr/local/texlive/2021/texmf-dist/tex/latex/listings/lstmisc.sty
File: lstmisc.sty 2020/03/24 1.8d (Carsten Heinz)
\c@lstnumber=\count290
\lst@skipnumbers=\count291
\lst@framebox=\box57
) (/usr/local/texlive/2021/texmf-dist/tex/latex/listings/listings.cfg
File: listings.cfg 2020/03/24 1.8d listings configuration
))
Package: listings 2020/03/24 1.8d (Carsten Heinz)

(/usr/local/texlive/2021/texmf-dist/tex/latex/xcolor/xcolor.sty
Package: xcolor 2016/05/11 v2.12 LaTeX color extensions (UK)
 (/usr/local/texlive/2021/texmf-dist/tex/latex/graphics-cfg/color.cfg
File: color.cfg 2016/01/02 v1.6 sample color configuration
)
Package xcolor Info: Driver file: pdftex.def on input line 225.
 (/usr/local/texlive/2021/texmf-dist/tex/latex/graphics-def/pdftex.def
File: pdftex.def 2020/10/05 v1.2a Graphics/color driver for pdftex
)
Package xcolor Info: Model `cmy' substituted by `cmy0' on input line 1348.
Package xcolor Info: Model `hsb' substituted by `rgb' on input line 1352.
Package xcolor Info: Model `RGB' extended on input line 1364.
Package xcolor Info: Model `HTML' substituted by `rgb' on input line 1366.
Package xcolor Info: Model `Hsb' substituted by `hsb' on input line 1367.
Package xcolor Info: Model `tHsb' substituted by `hsb' on input line 1368.
Package xcolor Info: Model `HSB' substituted by `hsb' on input line 1369.
Package xcolor Info: Model `Gray' substituted by `gray' on input line 1370.
Package xcolor Info: Model `wave' substituted by `hsb' on input line 1371.
) (/usr/local/texlive/2021/texmf-dist/tex/latex/amsfonts/amssymb.sty
Package: amssymb 2013/01/14 v3.01 AMS font symbols
 (/usr/local/texlive/2021/texmf-dist/tex/latex/amsfonts/amsfonts.sty
Package: amsfonts 2013/01/14 v3.01 Basic AMSFonts support
\@emptytoks=\toks23
\symAMSa=\mathgroup4
\symAMSb=\mathgroup5
LaTeX Font Info:    Redeclaring math symbol \hbar on input line 98.
LaTeX Font Info:    Overwriting math alphabet `\mathfrak' in version `bold'
(Font)                  U/euf/m/n --> U/euf/b/n on input line 106.
)) (/usr/local/texlive/2021/texmf-dist/tex/latex/base/latexsym.sty
Package: latexsym 1998/08/17 v2.2e Standard LaTeX package (lasy symbols)
\symlasy=\mathgroup6
LaTeX Font Info:    Overwriting symbol font `lasy' in version `bold'
(Font)                  U/lasy/m/n --> U/lasy/b/n on input line 52.
) (/usr/local/texlive/2021/texmf-dist/tex/latex/amscls/amsthm.sty
Package: amsthm 2020/05/29 v2.20.6
\thm@style=\toks24
\thm@bodyfont=\toks25
\thm@headfont=\toks26
\thm@notefont=\toks27
\thm@headpunct=\toks28
\thm@preskip=\skip54
\thm@postskip=\skip55
\thm@headsep=\skip56
\dth@everypar=\toks29
) (/usr/local/texlive/2021/texmf-dist/tex/latex/amsmath/amsmath.sty
Package: amsmath 2020/09/23 v2.17i AMS math features
\@mathmargin=\skip57

For additional information on amsmath, use the `?' option.
(/usr/local/texlive/2021/texmf-dist/tex/latex/amsmath/amstext.sty
Package: amstext 2000/06/29 v2.01 AMS text
 (/usr/local/texlive/2021/texmf-dist/tex/latex/amsmath/amsgen.sty
File: amsgen.sty 1999/11/30 v2.0 generic functions
\@emptytoks=\toks30
\ex@=\dimen160
)) (/usr/local/texlive/2021/texmf-dist/tex/latex/amsmath/amsbsy.sty
Package: amsbsy 1999/11/29 v1.2d Bold Symbols
\pmbraise@=\dimen161
) (/usr/local/texlive/2021/texmf-dist/tex/latex/amsmath/amsopn.sty
Package: amsopn 2016/03/08 v2.02 operator names
)
\inf@bad=\count292
LaTeX Info: Redefining \frac on input line 234.
\uproot@=\count293
\leftroot@=\count294
LaTeX Info: Redefining \overline on input line 399.
\classnum@=\count295
\DOTSCASE@=\count296
LaTeX Info: Redefining \ldots on input line 496.
LaTeX Info: Redefining \dots on input line 499.
LaTeX Info: Redefining \cdots on input line 620.
\Mathstrutbox@=\box58
\strutbox@=\box59
\big@size=\dimen162
LaTeX Font Info:    Redeclaring font encoding OML on input line 743.
LaTeX Font Info:    Redeclaring font encoding OMS on input line 744.
\macc@depth=\count297
\c@MaxMatrixCols=\count298
\dotsspace@=\muskip16
\c@parentequation=\count299
\dspbrk@lvl=\count300
\tag@help=\toks31
\row@=\count301
\column@=\count302
\maxfields@=\count303
\andhelp@=\toks32
\eqnshift@=\dimen163
\alignsep@=\dimen164
\tagshift@=\dimen165
\tagwidth@=\dimen166
\totwidth@=\dimen167
\lineht@=\dimen168
\@envbody=\toks33
\multlinegap=\skip58
\multlinetaggap=\skip59
\mathdisplay@stack=\toks34
LaTeX Info: Redefining \[ on input line 2923.
LaTeX Info: Redefining \] on input line 2924.
) (/usr/local/texlive/2021/texmf-dist/tex/latex/esvect/esvect.sty
Package: esvect 
\symesvector=\mathgroup7
) (/usr/local/texlive/2021/texmf-dist/tex/latex/parskip/parskip.sty
Package: parskip 2021-03-14 v2.0h non-zero parskip adjustments
) (/usr/local/texlive/2021/texmf-dist/tex/latex/tcolorbox/tcolorbox.sty
Package: tcolorbox 2020/10/09 version 4.42 text color boxes
 (/usr/local/texlive/2021/texmf-dist/tex/latex/pgf/basiclayer/pgf.sty (/usr/local/texlive/2021/texmf-dist/tex/latex/pgf/utilities/pgfrcs.sty (/usr/local/texlive/2021/texmf-dist/tex/generic/pgf/utilities/pgfutil-common.tex
\pgfutil@everybye=\toks35
\pgfutil@tempdima=\dimen169
\pgfutil@tempdimb=\dimen170
 (/usr/local/texlive/2021/texmf-dist/tex/generic/pgf/utilities/pgfutil-common-lists.tex)) (/usr/local/texlive/2021/texmf-dist/tex/generic/pgf/utilities/pgfutil-latex.def
\pgfutil@abb=\box60
) (/usr/local/texlive/2021/texmf-dist/tex/generic/pgf/utilities/pgfrcs.code.tex (/usr/local/texlive/2021/texmf-dist/tex/generic/pgf/pgf.revision.tex)
Package: pgfrcs 2020/12/27 v3.1.8b (3.1.8b)
))
Package: pgf 2020/12/27 v3.1.8b (3.1.8b)
 (/usr/local/texlive/2021/texmf-dist/tex/latex/pgf/basiclayer/pgfcore.sty (/usr/local/texlive/2021/texmf-dist/tex/latex/graphics/graphicx.sty
Package: graphicx 2020/09/09 v1.2b Enhanced LaTeX Graphics (DPC,SPQR)
 (/usr/local/texlive/2021/texmf-dist/tex/latex/graphics/graphics.sty
Package: graphics 2020/08/30 v1.4c Standard LaTeX Graphics (DPC,SPQR)
 (/usr/local/texlive/2021/texmf-dist/tex/latex/graphics/trig.sty
Package: trig 2016/01/03 v1.10 sin cos tan (DPC)
) (/usr/local/texlive/2021/texmf-dist/tex/latex/graphics-cfg/graphics.cfg
File: graphics.cfg 2016/06/04 v1.11 sample graphics configuration
)
Package graphics Info: Driver file: pdftex.def on input line 105.
)
\Gin@req@height=\dimen171
\Gin@req@width=\dimen172
) (/usr/local/texlive/2021/texmf-dist/tex/latex/pgf/systemlayer/pgfsys.sty (/usr/local/texlive/2021/texmf-dist/tex/generic/pgf/systemlayer/pgfsys.code.tex
Package: pgfsys 2020/12/27 v3.1.8b (3.1.8b)
 (/usr/local/texlive/2021/texmf-dist/tex/generic/pgf/utilities/pgfkeys.code.tex
\pgfkeys@pathtoks=\toks36
\pgfkeys@temptoks=\toks37
 (/usr/local/texlive/2021/texmf-dist/tex/generic/pgf/utilities/pgfkeysfiltered.code.tex
\pgfkeys@tmptoks=\toks38
))
\pgf@x=\dimen173
\pgf@y=\dimen174
\pgf@xa=\dimen175
\pgf@ya=\dimen176
\pgf@xb=\dimen177
\pgf@yb=\dimen178
\pgf@xc=\dimen179
\pgf@yc=\dimen180
\pgf@xd=\dimen181
\pgf@yd=\dimen182
\w@pgf@writea=\write5
\r@pgf@reada=\read4
\c@pgf@counta=\count304
\c@pgf@countb=\count305
\c@pgf@countc=\count306
\c@pgf@countd=\count307
\t@pgf@toka=\toks39
\t@pgf@tokb=\toks40
\t@pgf@tokc=\toks41
\pgf@sys@id@count=\count308
 (/usr/local/texlive/2021/texmf-dist/tex/generic/pgf/systemlayer/pgf.cfg
File: pgf.cfg 2020/12/27 v3.1.8b (3.1.8b)
)
Driver file for pgf: pgfsys-pdftex.def
 (/usr/local/texlive/2021/texmf-dist/tex/generic/pgf/systemlayer/pgfsys-pdftex.def
File: pgfsys-pdftex.def 2020/12/27 v3.1.8b (3.1.8b)
 (/usr/local/texlive/2021/texmf-dist/tex/generic/pgf/systemlayer/pgfsys-common-pdf.def
File: pgfsys-common-pdf.def 2020/12/27 v3.1.8b (3.1.8b)
)))
(/usr/local/texlive/2021/texmf-dist/tex/generic/pgf/systemlayer/pgfsyssoftpath.code.tex
File: pgfsyssoftpath.code.tex 2020/12/27 v3.1.8b (3.1.8b)
\pgfsyssoftpath@smallbuffer@items=\count309
\pgfsyssoftpath@bigbuffer@items=\count310
) (/usr/local/texlive/2021/texmf-dist/tex/generic/pgf/systemlayer/pgfsysprotocol.code.tex
File: pgfsysprotocol.code.tex 2020/12/27 v3.1.8b (3.1.8b)
)) (/usr/local/texlive/2021/texmf-dist/tex/generic/pgf/basiclayer/pgfcore.code.tex
Package: pgfcore 2020/12/27 v3.1.8b (3.1.8b)
 (/usr/local/texlive/2021/texmf-dist/tex/generic/pgf/math/pgfmath.code.tex (/usr/local/texlive/2021/texmf-dist/tex/generic/pgf/math/pgfmathcalc.code.tex (/usr/local/texlive/2021/texmf-dist/tex/generic/pgf/math/pgfmathutil.code.tex) (/usr/local/texlive/2021/texmf-dist/tex/generic/pgf/math/pgfmathparser.code.tex
\pgfmath@dimen=\dimen183
\pgfmath@count=\count311
\pgfmath@box=\box61
\pgfmath@toks=\toks42
\pgfmath@stack@operand=\toks43
\pgfmath@stack@operation=\toks44
) (/usr/local/texlive/2021/texmf-dist/tex/generic/pgf/math/pgfmathfunctions.code.tex (/usr/local/texlive/2021/texmf-dist/tex/generic/pgf/math/pgfmathfunctions.basic.code.tex) (/usr/local/texlive/2021/texmf-dist/tex/generic/pgf/math/pgfmathfunctions.trigonometric.code.tex) (/usr/local/texlive/2021/texmf-dist/tex/generic/pgf/math/pgfmathfunctions.random.code.tex) (/usr/local/texlive/2021/texmf-dist/tex/generic/pgf/math/pgfmathfunctions.comparison.code.tex) (/usr/local/texlive/2021/texmf-dist/tex/generic/pgf/math/pgfmathfunctions.base.code.tex) (/usr/local/texlive/2021/texmf-dist/tex/generic/pgf/math/pgfmathfunctions.round.code.tex) (/usr/local/texlive/2021/texmf-dist/tex/generic/pgf/math/pgfmathfunctions.misc.code.tex) (/usr/local/texlive/2021/texmf-dist/tex/generic/pgf/math/pgfmathfunctions.integerarithmetics.code.tex))) (/usr/local/texlive/2021/texmf-dist/tex/generic/pgf/math/pgfmathfloat.code.tex
\c@pgfmathroundto@lastzeros=\count312
)) (/usr/local/texlive/2021/texmf-dist/tex/generic/pgf/math/pgfint.code.tex) (/usr/local/texlive/2021/texmf-dist/tex/generic/pgf/basiclayer/pgfcorepoints.code.tex
File: pgfcorepoints.code.tex 2020/12/27 v3.1.8b (3.1.8b)
\pgf@picminx=\dimen184
\pgf@picmaxx=\dimen185
\pgf@picminy=\dimen186
\pgf@picmaxy=\dimen187
\pgf@pathminx=\dimen188
\pgf@pathmaxx=\dimen189
\pgf@pathminy=\dimen190
\pgf@pathmaxy=\dimen191
\pgf@xx=\dimen192
\pgf@xy=\dimen193
\pgf@yx=\dimen194
\pgf@yy=\dimen195
\pgf@zx=\dimen196
\pgf@zy=\dimen197
) (/usr/local/texlive/2021/texmf-dist/tex/generic/pgf/basiclayer/pgfcorepathconstruct.code.tex
File: pgfcorepathconstruct.code.tex 2020/12/27 v3.1.8b (3.1.8b)
\pgf@path@lastx=\dimen198
\pgf@path@lasty=\dimen199
) (/usr/local/texlive/2021/texmf-dist/tex/generic/pgf/basiclayer/pgfcorepathusage.code.tex
File: pgfcorepathusage.code.tex 2020/12/27 v3.1.8b (3.1.8b)
\pgf@shorten@end@additional=\dimen256
\pgf@shorten@start@additional=\dimen257
) (/usr/local/texlive/2021/texmf-dist/tex/generic/pgf/basiclayer/pgfcorescopes.code.tex
File: pgfcorescopes.code.tex 2020/12/27 v3.1.8b (3.1.8b)
\pgfpic=\box62
\pgf@hbox=\box63
\pgf@layerbox@main=\box64
\pgf@picture@serial@count=\count313
)
(/usr/local/texlive/2021/texmf-dist/tex/generic/pgf/basiclayer/pgfcoregraphicstate.code.tex
File: pgfcoregraphicstate.code.tex 2020/12/27 v3.1.8b (3.1.8b)
\pgflinewidth=\dimen258
) (/usr/local/texlive/2021/texmf-dist/tex/generic/pgf/basiclayer/pgfcoretransformations.code.tex
File: pgfcoretransformations.code.tex 2020/12/27 v3.1.8b (3.1.8b)
\pgf@pt@x=\dimen259
\pgf@pt@y=\dimen260
\pgf@pt@temp=\dimen261
) (/usr/local/texlive/2021/texmf-dist/tex/generic/pgf/basiclayer/pgfcorequick.code.tex
File: pgfcorequick.code.tex 2020/12/27 v3.1.8b (3.1.8b)
) (/usr/local/texlive/2021/texmf-dist/tex/generic/pgf/basiclayer/pgfcoreobjects.code.tex
File: pgfcoreobjects.code.tex 2020/12/27 v3.1.8b (3.1.8b)
) (/usr/local/texlive/2021/texmf-dist/tex/generic/pgf/basiclayer/pgfcorepathprocessing.code.tex
File: pgfcorepathprocessing.code.tex 2020/12/27 v3.1.8b (3.1.8b)
) (/usr/local/texlive/2021/texmf-dist/tex/generic/pgf/basiclayer/pgfcorearrows.code.tex
File: pgfcorearrows.code.tex 2020/12/27 v3.1.8b (3.1.8b)
\pgfarrowsep=\dimen262
) (/usr/local/texlive/2021/texmf-dist/tex/generic/pgf/basiclayer/pgfcoreshade.code.tex
File: pgfcoreshade.code.tex 2020/12/27 v3.1.8b (3.1.8b)
\pgf@max=\dimen263
\pgf@sys@shading@range@num=\count314
\pgf@shadingcount=\count315
) (/usr/local/texlive/2021/texmf-dist/tex/generic/pgf/basiclayer/pgfcoreimage.code.tex
File: pgfcoreimage.code.tex 2020/12/27 v3.1.8b (3.1.8b)
 (/usr/local/texlive/2021/texmf-dist/tex/generic/pgf/basiclayer/pgfcoreexternal.code.tex
File: pgfcoreexternal.code.tex 2020/12/27 v3.1.8b (3.1.8b)
\pgfexternal@startupbox=\box65
)) (/usr/local/texlive/2021/texmf-dist/tex/generic/pgf/basiclayer/pgfcorelayers.code.tex
File: pgfcorelayers.code.tex 2020/12/27 v3.1.8b (3.1.8b)
) (/usr/local/texlive/2021/texmf-dist/tex/generic/pgf/basiclayer/pgfcoretransparency.code.tex
File: pgfcoretransparency.code.tex 2020/12/27 v3.1.8b (3.1.8b)
) (/usr/local/texlive/2021/texmf-dist/tex/generic/pgf/basiclayer/pgfcorepatterns.code.tex
File: pgfcorepatterns.code.tex 2020/12/27 v3.1.8b (3.1.8b)
) (/usr/local/texlive/2021/texmf-dist/tex/generic/pgf/basiclayer/pgfcorerdf.code.tex
File: pgfcorerdf.code.tex 2020/12/27 v3.1.8b (3.1.8b)
))) (/usr/local/texlive/2021/texmf-dist/tex/generic/pgf/modules/pgfmoduleshapes.code.tex
File: pgfmoduleshapes.code.tex 2020/12/27 v3.1.8b (3.1.8b)
\pgfnodeparttextbox=\box66
) (/usr/local/texlive/2021/texmf-dist/tex/generic/pgf/modules/pgfmoduleplot.code.tex
File: pgfmoduleplot.code.tex 2020/12/27 v3.1.8b (3.1.8b)
) (/usr/local/texlive/2021/texmf-dist/tex/latex/pgf/compatibility/pgfcomp-version-0-65.sty
Package: pgfcomp-version-0-65 2020/12/27 v3.1.8b (3.1.8b)
\pgf@nodesepstart=\dimen264
\pgf@nodesepend=\dimen265
) (/usr/local/texlive/2021/texmf-dist/tex/latex/pgf/compatibility/pgfcomp-version-1-18.sty
Package: pgfcomp-version-1-18 2020/12/27 v3.1.8b (3.1.8b)
)) (/usr/local/texlive/2021/texmf-dist/tex/latex/tools/verbatim.sty
Package: verbatim 2020-07-07 v1.5u LaTeX2e package for verbatim enhancements
\every@verbatim=\toks45
\verbatim@line=\toks46
\verbatim@in@stream=\read5
) (/usr/local/texlive/2021/texmf-dist/tex/latex/environ/environ.sty
Package: environ 2014/05/04 v0.3 A new way to define environments
 (/usr/local/texlive/2021/texmf-dist/tex/latex/trimspaces/trimspaces.sty
Package: trimspaces 2009/09/17 v1.1 Trim spaces around a token list
))
\tcb@titlebox=\box67
\tcb@upperbox=\box68
\tcb@lowerbox=\box69
\tcb@phantombox=\box70
\c@tcbbreakpart=\count316
\c@tcblayer=\count317
\c@tcolorbox@number=\count318
\tcb@temp=\box71
\tcb@temp=\box72
\tcb@temp=\box73
\tcb@temp=\box74
\tcb@out=\write6
\tcb@record@out=\write7
) (/usr/local/texlive/2021/texmf-dist/tex/latex/tcolorbox/tcbtheorems.code.tex
Library (tcolorbox): 'tcbtheorems.code.tex' version '4.42'
) (/usr/local/texlive/2021/texmf-dist/tex/latex/hyperref/hyperref.sty
Package: hyperref 2021-02-27 v7.00k Hypertext links for LaTeX
 (/usr/local/texlive/2021/texmf-dist/tex/generic/kvdefinekeys/kvdefinekeys.sty
Package: kvdefinekeys 2019-12-19 v1.6 Define keys (HO)
) (/usr/local/texlive/2021/texmf-dist/tex/generic/pdfescape/pdfescape.sty
Package: pdfescape 2019/12/09 v1.15 Implements pdfTeX's escape features (HO)
) (/usr/local/texlive/2021/texmf-dist/tex/latex/hycolor/hycolor.sty
Package: hycolor 2020-01-27 v1.10 Color options for hyperref/bookmark (HO)
) (/usr/local/texlive/2021/texmf-dist/tex/latex/letltxmacro/letltxmacro.sty
Package: letltxmacro 2019/12/03 v1.6 Let assignment for LaTeX macros (HO)
) (/usr/local/texlive/2021/texmf-dist/tex/latex/auxhook/auxhook.sty
Package: auxhook 2019-12-17 v1.6 Hooks for auxiliary files (HO)
)
\@linkdim=\dimen266
\Hy@linkcounter=\count319
\Hy@pagecounter=\count320
 (/usr/local/texlive/2021/texmf-dist/tex/latex/hyperref/pd1enc.def
File: pd1enc.def 2021-02-27 v7.00k Hyperref: PDFDocEncoding definition (HO)
Now handling font encoding PD1 ...
... no UTF-8 mapping file for font encoding PD1
) (/usr/local/texlive/2021/texmf-dist/tex/latex/hyperref/hyperref-langpatches.def
File: hyperref-langpatches.def 2021-02-27 v7.00k Hyperref: patches for babel languages
) (/usr/local/texlive/2021/texmf-dist/tex/generic/intcalc/intcalc.sty
Package: intcalc 2019/12/15 v1.3 Expandable calculations with integers (HO)
)
\Hy@SavedSpaceFactor=\count321
 (/usr/local/texlive/2021/texmf-dist/tex/latex/hyperref/puenc.def
File: puenc.def 2021-02-27 v7.00k Hyperref: PDF Unicode definition (HO)
Now handling font encoding PU ...
... no UTF-8 mapping file for font encoding PU
)
Package hyperref Info: Option `colorlinks' set `true' on input line 4073.
Package hyperref Info: Hyper figures OFF on input line 4192.
Package hyperref Info: Link nesting OFF on input line 4197.
Package hyperref Info: Hyper index ON on input line 4200.
Package hyperref Info: Plain pages OFF on input line 4207.
Package hyperref Info: Backreferencing OFF on input line 4212.
Package hyperref Info: Implicit mode ON; LaTeX internals redefined.
Package hyperref Info: Bookmarks ON on input line 4445.
\c@Hy@tempcnt=\count322
 (/usr/local/texlive/2021/texmf-dist/tex/latex/url/url.sty
\Urlmuskip=\muskip17
Package: url 2013/09/16  ver 3.4  Verb mode for urls, etc.
)
LaTeX Info: Redefining \url on input line 4804.
\XeTeXLinkMargin=\dimen267
 (/usr/local/texlive/2021/texmf-dist/tex/generic/bitset/bitset.sty
Package: bitset 2019/12/09 v1.3 Handle bit-vector datatype (HO)
 (/usr/local/texlive/2021/texmf-dist/tex/generic/bigintcalc/bigintcalc.sty
Package: bigintcalc 2019/12/15 v1.5 Expandable calculations on big integers (HO)
))
\Fld@menulength=\count323
\Field@Width=\dimen268
\Fld@charsize=\dimen269
Package hyperref Info: Hyper figures OFF on input line 6075.
Package hyperref Info: Link nesting OFF on input line 6080.
Package hyperref Info: Hyper index ON on input line 6083.
Package hyperref Info: backreferencing OFF on input line 6090.
Package hyperref Info: Link coloring ON on input line 6093.
Package hyperref Info: Link coloring with OCG OFF on input line 6100.
Package hyperref Info: PDF/A mode OFF on input line 6105.
LaTeX Info: Redefining \ref on input line 6145.
LaTeX Info: Redefining \pageref on input line 6149.
 (/usr/local/texlive/2021/texmf-dist/tex/latex/base/atbegshi-ltx.sty
Package: atbegshi-ltx 2020/08/17 v1.0a Emulation of the original atbegshi package
with kernel methods
)
\Hy@abspage=\count324
\c@Item=\count325
\c@Hfootnote=\count326
)
Package hyperref Info: Driver (autodetected): hpdftex.
 (/usr/local/texlive/2021/texmf-dist/tex/latex/hyperref/hpdftex.def
File: hpdftex.def 2021-02-27 v7.00k Hyperref driver for pdfTeX
 (/usr/local/texlive/2021/texmf-dist/tex/latex/base/atveryend-ltx.sty
Package: atveryend-ltx 2020/08/19 v1.0a Emulation of the original atvery package
with kernel methods
)
\Fld@listcount=\count327
\c@bookmark@seq@number=\count328
 (/usr/local/texlive/2021/texmf-dist/tex/latex/rerunfilecheck/rerunfilecheck.sty
Package: rerunfilecheck 2019/12/05 v1.9 Rerun checks for auxiliary files (HO)
 (/usr/local/texlive/2021/texmf-dist/tex/generic/uniquecounter/uniquecounter.sty
Package: uniquecounter 2019/12/15 v1.4 Provide unlimited unique counter (HO)
)
Package uniquecounter Info: New unique counter `rerunfilecheck' on input line 286.
)
\Hy@SectionHShift=\skip60
) (/usr/local/texlive/2021/texmf-dist/tex/latex/biblatex/biblatex.sty
Package: biblatex 2020/12/31 v3.16 programmable bibliographies (PK/MW)
 (/usr/local/texlive/2021/texmf-dist/tex/latex/logreq/logreq.sty
Package: logreq 2010/08/04 v1.0 xml request logger
\lrq@indent=\count329
 (/usr/local/texlive/2021/texmf-dist/tex/latex/logreq/logreq.def
File: logreq.def 2010/08/04 v1.0 logreq spec v1.0
))
\c@tabx@nest=\count330
\c@listtotal=\count331
\c@listcount=\count332
\c@liststart=\count333
\c@liststop=\count334
\c@citecount=\count335
\c@citetotal=\count336
\c@multicitecount=\count337
\c@multicitetotal=\count338
\c@instcount=\count339
\c@maxnames=\count340
\c@minnames=\count341
\c@maxitems=\count342
\c@minitems=\count343
\c@citecounter=\count344
\c@maxcitecounter=\count345
\c@savedcitecounter=\count346
\c@uniquelist=\count347
\c@uniquename=\count348
\c@refsection=\count349
\c@refsegment=\count350
\c@maxextratitle=\count351
\c@maxextratitleyear=\count352
\c@maxextraname=\count353
\c@maxextradate=\count354
\c@maxextraalpha=\count355
\c@abbrvpenalty=\count356
\c@highnamepenalty=\count357
\c@lownamepenalty=\count358
\c@maxparens=\count359
\c@parenlevel=\count360
\blx@tempcnta=\count361
\blx@tempcntb=\count362
\blx@tempcntc=\count363
\blx@maxsection=\count364
\blx@maxsegment@0=\count365
\blx@notetype=\count366
\blx@parenlevel@text=\count367
\blx@parenlevel@foot=\count368
\blx@sectionciteorder@0=\count369
\blx@entrysetcounter=\count370
\blx@biblioinstance=\count371
\labelnumberwidth=\skip61
\labelalphawidth=\skip62
\biblabelsep=\skip63
\bibitemsep=\skip64
\bibnamesep=\skip65
\bibinitsep=\skip66
\bibparsep=\skip67
\bibhang=\skip68
\blx@bcfin=\read6
\blx@bcfout=\write8
\blx@langwohyphens=\language87
\c@mincomprange=\count372
\c@maxcomprange=\count373
\c@mincompwidth=\count374
Package biblatex Info: Trying to load biblatex default data model...
Package biblatex Info: ... file 'blx-dm.def' found.
 (/usr/local/texlive/2021/texmf-dist/tex/latex/biblatex/blx-dm.def
File: blx-dm.def 2020/12/31 v3.16 biblatex localization (PK/MW)
)
Package biblatex Info: Trying to load biblatex custom data model...
Package biblatex Info: ... file 'biblatex-dm.cfg' not found.
\c@afterword=\count375
\c@savedafterword=\count376
\c@annotator=\count377
\c@savedannotator=\count378
\c@author=\count379
\c@savedauthor=\count380
\c@bookauthor=\count381
\c@savedbookauthor=\count382
\c@commentator=\count383
\c@savedcommentator=\count384
\c@editor=\count385
\c@savededitor=\count386
\c@editora=\count387
\c@savededitora=\count388
\c@editorb=\count389
\c@savededitorb=\count390
\c@editorc=\count391
\c@savededitorc=\count392
\c@foreword=\count393
\c@savedforeword=\count394
\c@holder=\count395
\c@savedholder=\count396
\c@introduction=\count397
\c@savedintroduction=\count398
\c@namea=\count399
\c@savednamea=\count400
\c@nameb=\count401
\c@savednameb=\count402
\c@namec=\count403
\c@savednamec=\count404
\c@translator=\count405
\c@savedtranslator=\count406
\c@shortauthor=\count407
\c@savedshortauthor=\count408
\c@shorteditor=\count409
\c@savedshorteditor=\count410
\c@labelname=\count411
\c@savedlabelname=\count412
\c@institution=\count413
\c@savedinstitution=\count414
\c@lista=\count415
\c@savedlista=\count416
\c@listb=\count417
\c@savedlistb=\count418
\c@listc=\count419
\c@savedlistc=\count420
\c@listd=\count421
\c@savedlistd=\count422
\c@liste=\count423
\c@savedliste=\count424
\c@listf=\count425
\c@savedlistf=\count426
\c@location=\count427
\c@savedlocation=\count428
\c@organization=\count429
\c@savedorganization=\count430
\c@origlocation=\count431
\c@savedoriglocation=\count432
\c@origpublisher=\count433
\c@savedorigpublisher=\count434
\c@publisher=\count435
\c@savedpublisher=\count436
\c@language=\count437
\c@savedlanguage=\count438
\c@origlanguage=\count439
\c@savedoriglanguage=\count440
\c@pageref=\count441
\c@savedpageref=\count442
\shorthandwidth=\skip69
\shortjournalwidth=\skip70
\shortserieswidth=\skip71
\shorttitlewidth=\skip72
\shortauthorwidth=\skip73
\shorteditorwidth=\skip74
\locallabelnumberwidth=\skip75
\locallabelalphawidth=\skip76
\localshorthandwidth=\skip77
\localshortjournalwidth=\skip78
\localshortserieswidth=\skip79
\localshorttitlewidth=\skip80
\localshortauthorwidth=\skip81
\localshorteditorwidth=\skip82
Package biblatex Info: Trying to load compatibility code...
Package biblatex Info: ... file 'blx-compat.def' found.
 (/usr/local/texlive/2021/texmf-dist/tex/latex/biblatex/blx-compat.def
File: blx-compat.def 2020/12/31 v3.16 biblatex compatibility (PK/MW)
)
Package biblatex Info: Trying to load BibTeX backend compatibility...
Package biblatex Info: ... file 'blx-bibtex.def' found.
 (/usr/local/texlive/2021/texmf-dist/tex/latex/biblatex/blx-bibtex.def
File: blx-bibtex.def 2020/12/31 v3.16 biblatex compatibility (PK/MW)


Package biblatex Warning: Using fall-back BibTeX(8) backend:
(biblatex)                functionality may be reduced/unavailable.

)
Package biblatex Info: Trying to load generic definitions...
Package biblatex Info: ... file 'biblatex.def' found.
 (/usr/local/texlive/2021/texmf-dist/tex/latex/biblatex/biblatex.def
File: biblatex.def 2020/12/31 v3.16 biblatex compatibility (PK/MW)
\c@textcitecount=\count443
\c@textcitetotal=\count444
\c@textcitemaxnames=\count445
\c@biburlbigbreakpenalty=\count446
\c@biburlbreakpenalty=\count447
\c@biburlnumpenalty=\count448
\c@biburlucpenalty=\count449
\c@biburllcpenalty=\count450
\biburlbigskip=\muskip18
\biburlnumskip=\muskip19
\biburlucskip=\muskip20
\biburllcskip=\muskip21
\c@smartand=\count451
)
Package biblatex Info: Trying to load bibliography style 'numeric'...
Package biblatex Info: ... file 'numeric.bbx' found.
 (/usr/local/texlive/2021/texmf-dist/tex/latex/biblatex/bbx/numeric.bbx
File: numeric.bbx 2020/12/31 v3.16 biblatex bibliography style (PK/MW)
Package biblatex Info: Trying to load bibliography style 'standard'...
Package biblatex Info: ... file 'standard.bbx' found.
 (/usr/local/texlive/2021/texmf-dist/tex/latex/biblatex/bbx/standard.bbx
File: standard.bbx 2020/12/31 v3.16 biblatex bibliography style (PK/MW)
\c@bbx:relatedcount=\count452
\c@bbx:relatedtotal=\count453
))
Package biblatex Info: Trying to load citation style 'numeric'...
Package biblatex Info: ... file 'numeric.cbx' found.
 (/usr/local/texlive/2021/texmf-dist/tex/latex/biblatex/cbx/numeric.cbx
File: numeric.cbx 2020/12/31 v3.16 biblatex citation style (PK/MW)
Package biblatex Info: Redefining '\cite'.
Package biblatex Info: Redefining '\parencite'.
Package biblatex Info: Redefining '\footcite'.
Package biblatex Info: Redefining '\footcitetext'.
Package biblatex Info: Redefining '\smartcite'.
Package biblatex Info: Redefining '\supercite'.
Package biblatex Info: Redefining '\textcite'.
Package biblatex Info: Redefining '\textcites'.
Package biblatex Info: Redefining '\cites'.
Package biblatex Info: Redefining '\parencites'.
Package biblatex Info: Redefining '\smartcites'.
)
Package biblatex Info: Trying to load configuration file...
Package biblatex Info: ... file 'biblatex.cfg' found.
 (/usr/local/texlive/2021/texmf-dist/tex/latex/biblatex/biblatex.cfg
File: biblatex.cfg 
)) (/usr/local/texlive/2021/texmf-dist/tex/latex/import/import.sty
Package: import 2020/04/01  v 6.2
) (/usr/local/texlive/2021/texmf-dist/tex/latex/xifthen/xifthen.sty
Package: xifthen 2015/11/05 v1.4.0 Extended ifthen features
 (/usr/local/texlive/2021/texmf-dist/tex/latex/ifmtarg/ifmtarg.sty
Package: ifmtarg 2018/04/16 v1.2b check for an empty argument
)) (/usr/local/texlive/2021/texmf-dist/tex/latex/pdfpages/pdfpages.sty
Package: pdfpages 2021/03/06 v0.5t Insert pages of external PDF documents (AM)
 (/usr/local/texlive/2021/texmf-dist/tex/latex/eso-pic/eso-pic.sty
Package: eso-pic 2020/10/14 v3.0a eso-pic (RN)
\ESO@tempdima=\dimen270
\ESO@tempdimb=\dimen271
)
\AM@pagewidth=\dimen272
\AM@pageheight=\dimen273
\AM@fboxrule=\dimen274
 (/usr/local/texlive/2021/texmf-dist/tex/latex/pdfpages/pppdftex.def
File: pppdftex.def 2021/03/06 v0.5t Pdfpages driver for pdfTeX (AM)
)
\pdfpages@includegraphics@status=\count454
\AM@pagebox=\box75
\AM@global@opts=\toks47
\AM@pagecnt=\count455
\AM@toc@title=\toks48
\c@AM@survey=\count456
\AM@templatesizebox=\box76
) (/usr/local/texlive/2021/texmf-dist/tex/latex/transparent/transparent.sty
Package: transparent 2019/11/29 v1.4 Transparency via pdfTeX's color stack (HO)
)
\c@mytheorem=\count457
runsystem(which pygmentize && touch analysis2_draft.aex)...executed.

runsystem(rm analysis2_draft.aex)...executed.

\@quotelevel=\count458
\@quotereset=\count459
 (/usr/local/texlive/2021/texmf-dist/tex/latex/l3backend/l3backend-pdftex.def
File: l3backend-pdftex.def 2021-03-18 L3 backend support: PDF output (pdfTeX)
\l__color_backend_stack_int=\count460
\l__pdf_internal_box=\box77
) (./analysis2_draft.aux

LaTeX Warning: Label `theo:' multiply defined.

)
\openout1 = `analysis2_draft.aux'.

LaTeX Font Info:    Checking defaults for OML/cmm/m/it on input line 58.
LaTeX Font Info:    ... okay on input line 58.
LaTeX Font Info:    Checking defaults for OMS/cmsy/m/n on input line 58.
LaTeX Font Info:    ... okay on input line 58.
LaTeX Font Info:    Checking defaults for OT1/cmr/m/n on input line 58.
LaTeX Font Info:    ... okay on input line 58.
LaTeX Font Info:    Checking defaults for T1/cmr/m/n on input line 58.
LaTeX Font Info:    ... okay on input line 58.
LaTeX Font Info:    Checking defaults for TS1/cmr/m/n on input line 58.
LaTeX Font Info:    ... okay on input line 58.
LaTeX Font Info:    Checking defaults for OMX/cmex/m/n on input line 58.
LaTeX Font Info:    ... okay on input line 58.
LaTeX Font Info:    Checking defaults for U/cmr/m/n on input line 58.
LaTeX Font Info:    ... okay on input line 58.
LaTeX Font Info:    Checking defaults for PD1/pdf/m/n on input line 58.
LaTeX Font Info:    ... okay on input line 58.
LaTeX Font Info:    Checking defaults for PU/pdf/m/n on input line 58.
LaTeX Font Info:    ... okay on input line 58.
 (/usr/local/texlive/2021/texmf-dist/tex/latex/base/textcomp.sty
Package: textcomp 2020/02/02 v2.0n Standard LaTeX package
)
\c@lstlisting=\count461
 (/usr/local/texlive/2021/texmf-dist/tex/context/base/mkii/supp-pdf.mkii
[Loading MPS to PDF converter (version 2006.09.02).]
\scratchcounter=\count462
\scratchdimen=\dimen275
\scratchbox=\box78
\nofMPsegments=\count463
\nofMParguments=\count464
\everyMPshowfont=\toks49
\MPscratchCnt=\count465
\MPscratchDim=\dimen276
\MPnumerator=\count466
\makeMPintoPDFobject=\count467
\everyMPtoPDFconversion=\toks50
) (/usr/local/texlive/2021/texmf-dist/tex/latex/epstopdf-pkg/epstopdf-base.sty
Package: epstopdf-base 2020-01-24 v2.11 Base part for package epstopdf
Package epstopdf-base Info: Redefining graphics rule for `.eps' on input line 485.
 (/usr/local/texlive/2021/texmf-dist/tex/latex/latexconfig/epstopdf-sys.cfg
File: epstopdf-sys.cfg 2010/07/13 v1.3 Configuration of (r)epstopdf for TeX Live
))
Package hyperref Info: Link coloring ON on input line 58.
 (/usr/local/texlive/2021/texmf-dist/tex/latex/hyperref/nameref.sty
Package: nameref 2021-04-02 v2.47 Cross-referencing by name of section
 (/usr/local/texlive/2021/texmf-dist/tex/latex/refcount/refcount.sty
Package: refcount 2019/12/15 v3.6 Data extraction from label references (HO)
) (/usr/local/texlive/2021/texmf-dist/tex/generic/gettitlestring/gettitlestring.sty
Package: gettitlestring 2019/12/15 v1.6 Cleanup title references (HO)
)
\c@section@level=\count468
)
LaTeX Info: Redefining \ref on input line 58.
LaTeX Info: Redefining \pageref on input line 58.
LaTeX Info: Redefining \nameref on input line 58.
 (./analysis2_draft.out) (./analysis2_draft.out)
\@outlinefile=\write9
\openout9 = `analysis2_draft.out'.

Package biblatex Info: Trying to load language 'english'...
Package biblatex Info: ... file 'english.lbx' found.
 (/usr/local/texlive/2021/texmf-dist/tex/latex/biblatex/lbx/english.lbx
File: english.lbx 2020/12/31 v3.16 biblatex localization (PK/MW)
)
Package biblatex Info: Input encoding 'utf8' detected.
Package biblatex Info: Automatic encoding selection.
(biblatex)             Assuming data encoding 'utf8'.
Package biblatex Info: Input encoding 'utf8' specified.
Package biblatex Info: Data encoding 'utf8' specified.
(biblatex)             No need to reencode data.
Package biblatex Info: Document encoding is UTF8 ....
 (/usr/local/texlive/2021/texmf-dist/tex/latex/l3kernel/expl3.sty
Package: expl3 2021-02-18 L3 programming layer (loader) 
)
Package biblatex Info: ... and expl3
(biblatex)             2021-02-18 L3 programming layer (loader) 
(biblatex)             is new enough (at least 2020/04/06),
(biblatex)             setting 'casechanger=expl3'.
 (/usr/local/texlive/2021/texmf-dist/tex/latex/biblatex/blx-case-expl3.sty (/usr/local/texlive/2021/texmf-dist/tex/latex/l3packages/xparse/xparse.sty (/usr/local/texlive/2021/texmf-dist/tex/latex/l3packages/xparse/xparse-2020-10-01.sty (/usr/local/texlive/2021/texmf-dist/tex/latex/l3packages/xparse/xparse-generic.tex)))
Package: blx-case-expl3 2020/12/31 v3.16 expl3 case changing code for biblatex
)
\openout8 = `analysis2_draft-blx.bib'.

Package biblatex Info: Trying to load bibliographic data...
Package biblatex Info: ... file 'analysis2_draft.bbl' found.
 (./analysis2_draft.bbl)
Package biblatex Info: Reference section=0 on input line 58.
Package biblatex Info: Reference segment=0 on input line 58.
 (/usr/local/texlive/2021/texmf-dist/tex/latex/pdflscape/pdflscape.sty
Package: pdflscape 2019/12/05 v0.12 Display of landscape pages in PDF (HO)
 (/usr/local/texlive/2021/texmf-dist/tex/latex/graphics/lscape.sty
Package: lscape 2020/05/28 v3.02 Landscape Pages (DPC)
)
Package pdflscape Info: Auto-detected driver: pdftex on input line 81.
)
LaTeX Font Info:    Trying to load font information for U+msa on input line 61.
 (/usr/local/texlive/2021/texmf-dist/tex/latex/amsfonts/umsa.fd
File: umsa.fd 2013/01/14 v3.01 AMS symbols A
)
LaTeX Font Info:    Trying to load font information for U+msb on input line 61.
 (/usr/local/texlive/2021/texmf-dist/tex/latex/amsfonts/umsb.fd
File: umsb.fd 2013/01/14 v3.01 AMS symbols B
)
LaTeX Font Info:    Trying to load font information for U+lasy on input line 61.
 (/usr/local/texlive/2021/texmf-dist/tex/latex/base/ulasy.fd
File: ulasy.fd 1998/08/17 v2.2e LaTeX symbol font definitions
)
LaTeX Font Info:    Trying to load font information for U+esvect on input line 61.
 (/usr/local/texlive/2021/texmf-dist/tex/latex/esvect/uesvect.fd
File: uesvect.fd 
) (./analysis2_draft.toc)
\tf@toc=\write10
\openout10 = `analysis2_draft.toc'.

\openout3 = `analysis2_draft.pyg'.

 (./_minted-analysis2_draft/default-pyg-prefix.pygstyle) (./_minted-analysis2_draft/default.pygstyle) (./_minted-analysis2_draft/3493BFBE298A1ECA0B75C35D661895A619B880FE4381082B415842E811E129D6.pygtex) [1

{/usr/local/texlive/2021/texmf-var/fonts/map/pdftex/updmap/pdftex.map}]
\openout3 = `analysis2_draft.pyg'.

 (./_minted-analysis2_draft/B46F8F7ED81017A8B7E83A849784E86A19B880FE4381082B415842E811E129D6.pygtex)
\openout3 = `analysis2_draft.pyg'.


./analysis2_draft.tex:118: FancyVerb Error:
  Extraneous input `	\end{}' between \end{minted} and line end
.
\FV@Error ... {FancyVerb Error:
\space \space #1
}
                                                  
l.118 \end{minted}	
                   
This input will be discarded. Type <return> to continue.

(./_minted-analysis2_draft/CAECE4711D1D6C6616646CA8EDE6754519B880FE4381082B415842E811E129D6.pygtex) [2]
\openout3 = `analysis2_draft.pyg'.

 (./_minted-analysis2_draft/764EB912A693446BE589E31FBDCA9BEE19B880FE4381082B415842E811E129D6.pygtex)
\openout3 = `analysis2_draft.pyg'.

 (./_minted-analysis2_draft/96DAD485EC1AA596F80D867C4424115A19B880FE4381082B415842E811E129D6.pygtex) [3]
\openout3 = `analysis2_draft.pyg'.

 (./_minted-analysis2_draft/18A1D1FC9699EFFFBCB0244E7E529FCA19B880FE4381082B415842E811E129D6.pygtex)
\openout3 = `analysis2_draft.pyg'.

 (./_minted-analysis2_draft/68840441AA51E48B71DCE99D8C62A86E19B880FE4381082B415842E811E129D6.pygtex) [4] [5] (./analysis2_draft.aux)

LaTeX Warning: There were multiply-defined labels.

Package rerunfilecheck Info: File `analysis2_draft.out' has not changed.
(rerunfilecheck)             Checksum: 202963411517CEC45AA0A6A44837C70C;658.
runsystem(rm analysis2_draft.pyg)...executed.

Package logreq Info: Writing requests to 'analysis2_draft.run.xml'.
\openout1 = `analysis2_draft.run.xml'.

 ) 
Here is how much of TeX's memory you used:
 31243 strings out of 478994
 586393 string characters out of 5858184
 1114781 words of memory out of 5000000
 48165 multiletter control sequences out of 15000+600000
 412947 words of font info for 72 fonts, out of 8000000 for 9000
 1141 hyphenation exceptions out of 8191
 112i,7n,116p,1829b,1297s stack positions out of 5000i,500n,10000p,200000b,80000s
</usr/local/texlive/2021/texmf-dist/fonts/type1/public/amsfonts/cm/cmbx10.pfb></usr/local/texlive/2021/texmf-dist/fonts/type1/public/amsfonts/cm/cmbx12.pfb></usr/local/texlive/2021/texmf-dist/fonts/type1/public/amsfonts/cm/cmcsc10.pfb></usr/local/texlive/2021/texmf-dist/fonts/type1/public/amsfonts/cm/cmex10.pfb></usr/local/texlive/2021/texmf-dist/fonts/type1/public/amsfonts/cm/cmmi10.pfb></usr/local/texlive/2021/texmf-dist/fonts/type1/public/amsfonts/cm/cmmi7.pfb></usr/local/texlive/2021/texmf-dist/fonts/type1/public/amsfonts/cm/cmr10.pfb></usr/local/texlive/2021/texmf-dist/fonts/type1/public/amsfonts/cm/cmr12.pfb></usr/local/texlive/2021/texmf-dist/fonts/type1/public/amsfonts/cm/cmr17.pfb></usr/local/texlive/2021/texmf-dist/fonts/type1/public/amsfonts/cm/cmr5.pfb></usr/local/texlive/2021/texmf-dist/fonts/type1/public/amsfonts/cm/cmr7.pfb></usr/local/texlive/2021/texmf-dist/fonts/type1/public/amsfonts/cm/cmsy10.pfb></usr/local/texlive/2021/texmf-dist/fonts/type1/public/amsfonts/cm/cmsy7.pfb></usr/local/texlive/2021/texmf-dist/fonts/type1/public/amsfonts/cm/cmti10.pfb></usr/local/texlive/2021/texmf-dist/fonts/type1/public/amsfonts/cm/cmtt10.pfb></usr/local/texlive/2021/texmf-dist/fonts/type1/public/amsfonts/symbols/msbm10.pfb>
Output written on analysis2_draft.pdf (5 pages, 185859 bytes).
PDF statistics:
 135 PDF objects out of 1000 (max. 8388607)
 110 compressed objects within 2 object streams
 18 named destinations out of 1000 (max. 500000)
 45 words of extra memory for PDF output out of 10000 (max. 10000000)

